12:21:13: Creating resource group General
12:21:13: Creating resource group Internal
12:21:13: Creating resource group Autodetect
12:21:13: SceneManagerFactory for type 'DefaultSceneManager' registered.
12:21:13: Registering ResourceManager for type Material
12:21:13: Registering ResourceManager for type Mesh
12:21:13: Registering ResourceManager for type Skeleton
12:21:13: MovableObjectFactory for type 'ParticleSystem' registered.
12:21:13: OverlayElementFactory for type Panel registered.
12:21:13: OverlayElementFactory for type BorderPanel registered.
12:21:13: OverlayElementFactory for type TextArea registered.
12:21:13: Registering ResourceManager for type Font
12:21:13: ArchiveFactory for archive type FileSystem registered.
12:21:13: ArchiveFactory for archive type Zip registered.
12:21:13: ArchiveFactory for archive type EmbeddedZip registered.
12:21:13: DDS codec registering
12:21:13: FreeImage version: 3.13.1
12:21:13: This program uses FreeImage, a free, open source image library supporting all common bitmap formats. See http://freeimage.sourceforge.net for details
12:21:13: Supported formats: bmp,ico,jpg,jif,jpeg,jpe,jng,koa,iff,lbm,mng,pbm,pbm,pcd,pcx,pgm,pgm,png,ppm,ppm,ras,tga,targa,tif,tiff,wap,wbmp,wbm,psd,cut,xbm,xpm,gif,hdr,g3,sgi,exr,j2k,j2c,jp2,pfm,pct,pict,pic,bay,bmq,cr2,crw,cs1,dc2,dcr,dng,erf,fff,hdr,k25,kdc,mdc,mos,mrw,nef,orf,pef,pxn,raf,raw,rdc,sr2,srf,arw,3fr,cine,ia,kc2,mef,nrw,qtk,rw2,sti,drf,dsc,ptx,cap,iiq,rwz
12:21:13: Registering ResourceManager for type HighLevelGpuProgram
12:21:13: Registering ResourceManager for type Compositor
12:21:13: MovableObjectFactory for type 'Entity' registered.
12:21:13: MovableObjectFactory for type 'Light' registered.
12:21:13: MovableObjectFactory for type 'BillboardSet' registered.
12:21:13: MovableObjectFactory for type 'ManualObject' registered.
12:21:13: MovableObjectFactory for type 'BillboardChain' registered.
12:21:13: MovableObjectFactory for type 'RibbonTrail' registered.
12:21:13: Loading library .\RenderSystem_Direct3D9_d
12:21:13: Installing plugin: D3D9 RenderSystem
12:21:13: D3D9 : Direct3D9 Rendering Subsystem created.
12:21:13: D3D9: Driver Detection Starts
12:21:13: D3D9: Driver Detection Ends
12:21:13: Plugin successfully installed
12:21:13: *-*-* OGRE Initialising
12:21:13: *-*-* Version 1.8.0unstable (Byatis)
12:21:13: Creating resource group Essential
12:21:13: Added resource location './../Media/packs/SdkTrays.zip' of type 'Zip' to resource group 'Essential'
12:21:13: Added resource location './../Media' of type 'FileSystem' to resource group 'General'
12:21:13: Creating resource group Popular
12:21:13: Added resource location './../Media/materials/programs' of type 'FileSystem' to resource group 'Popular'
12:21:13: Added resource location './../Media/materials/scripts' of type 'FileSystem' to resource group 'Popular'
12:21:13: Added resource location './../Media/materials/textures' of type 'FileSystem' to resource group 'Popular'
12:21:13: Added resource location './../Media/models' of type 'FileSystem' to resource group 'Popular'
12:21:13: Added resource location './../Media/packs/nxogre.zip' of type 'Zip' to resource group 'Popular'
12:21:13: D3D9 : RenderSystem Option: Allow NVPerfHUD = No
12:21:13: D3D9 : RenderSystem Option: FSAA = 0
12:21:13: D3D9 : RenderSystem Option: Fixed Pipeline Enabled = Yes
12:21:13: D3D9 : RenderSystem Option: Floating-point mode = Fastest
12:21:13: D3D9 : RenderSystem Option: Full Screen = No
12:21:13: D3D9 : RenderSystem Option: Multi device memory hint = Use minimum system memory
12:21:13: D3D9 : RenderSystem Option: Rendering Device = Monitor-1-ATI Mobility Radeon HD 4300/4500 Series
12:21:13: D3D9 : RenderSystem Option: Resource Creation Policy = Create on all devices
12:21:13: D3D9 : RenderSystem Option: VSync = No
12:21:13: D3D9 : RenderSystem Option: VSync Interval = 1
12:21:13: D3D9 : RenderSystem Option: Video Mode = 800 x 600 @ 32-bit colour
12:21:13: D3D9 : RenderSystem Option: sRGB Gamma Conversion = No
12:21:17: CPU Identifier & Features
12:21:17: -------------------------
12:21:17:  *   CPU ID: GenuineIntel: Intel(R) Core(TM) i5 CPU       M 430  @ 2.27GHz
12:21:17:  *      SSE: yes
12:21:17:  *     SSE2: yes
12:21:17:  *     SSE3: yes
12:21:17:  *      MMX: yes
12:21:17:  *   MMXEXT: yes
12:21:17:  *    3DNOW: no
12:21:17:  * 3DNOWEXT: no
12:21:17:  *     CMOV: yes
12:21:17:  *      TSC: yes
12:21:17:  *      FPU: yes
12:21:17:  *      PRO: yes
12:21:17:  *       HT: no
12:21:17: -------------------------
12:21:17: D3D9 : Subsystem Initialising
12:21:17: Registering ResourceManager for type Texture
12:21:17: Registering ResourceManager for type GpuProgram
12:21:17: D3D9RenderSystem::_createRenderWindow "OgreApp Render Window", 800x600 windowed  miscParams: FSAA=0 FSAAHint= colourDepth=32 gamma=false monitorIndex=0 useNVPerfHUD=false vsync=false vsyncInterval=1 
12:21:17: D3D9 : Created D3D9 Rendering Window 'OgreApp Render Window' : 800x600, 32bpp
12:21:17: D3D9 : WARNING - disabling VSync in windowed mode can cause timing issues at lower frame rates, turn VSync on if you observe this problem.
12:21:17: D3D9: Vertex texture format supported - PF_L8
12:21:17: D3D9: Vertex texture format supported - PF_L16
12:21:17: D3D9: Vertex texture format supported - PF_A8
12:21:17: D3D9: Vertex texture format supported - PF_A4L4
12:21:17: D3D9: Vertex texture format supported - PF_BYTE_LA
12:21:17: D3D9: Vertex texture format supported - PF_R5G6B5
12:21:17: D3D9: Vertex texture format supported - PF_B5G6R5
12:21:17: D3D9: Vertex texture format supported - PF_A4R4G4B4
12:21:17: D3D9: Vertex texture format supported - PF_A1R5G5B5
12:21:17: D3D9: Vertex texture format supported - PF_A8R8G8B8
12:21:17: D3D9: Vertex texture format supported - PF_B8G8R8A8
12:21:17: D3D9: Vertex texture format supported - PF_A2R10G10B10
12:21:17: D3D9: Vertex texture format supported - PF_A2B10G10R10
12:21:17: D3D9: Vertex texture format supported - PF_DXT1
12:21:17: D3D9: Vertex texture format supported - PF_DXT2
12:21:17: D3D9: Vertex texture format supported - PF_DXT3
12:21:17: D3D9: Vertex texture format supported - PF_DXT4
12:21:17: D3D9: Vertex texture format supported - PF_DXT5
12:21:17: D3D9: Vertex texture format supported - PF_FLOAT16_RGB
12:21:17: D3D9: Vertex texture format supported - PF_FLOAT16_RGBA
12:21:17: D3D9: Vertex texture format supported - PF_FLOAT32_RGB
12:21:17: D3D9: Vertex texture format supported - PF_FLOAT32_RGBA
12:21:17: D3D9: Vertex texture format supported - PF_X8R8G8B8
12:21:17: D3D9: Vertex texture format supported - PF_X8B8G8R8
12:21:17: D3D9: Vertex texture format supported - PF_R8G8B8A8
12:21:17: D3D9: Vertex texture format supported - PF_DEPTH
12:21:17: D3D9: Vertex texture format supported - PF_SHORT_RGBA
12:21:17: D3D9: Vertex texture format supported - PF_FLOAT16_R
12:21:17: D3D9: Vertex texture format supported - PF_FLOAT32_R
12:21:17: D3D9: Vertex texture format supported - PF_SHORT_GR
12:21:17: D3D9: Vertex texture format supported - PF_FLOAT16_GR
12:21:17: D3D9: Vertex texture format supported - PF_FLOAT32_GR
12:21:17: D3D9: Vertex texture format supported - PF_SHORT_RGB
12:21:17: D3D9: Vertex texture format supported - PF_PVRTC_RGB2
12:21:17: D3D9: Vertex texture format supported - PF_PVRTC_RGBA2
12:21:17: D3D9: Vertex texture format supported - PF_PVRTC_RGB4
12:21:17: D3D9: Vertex texture format supported - PF_PVRTC_RGBA4
12:21:17: D3D9: Vertex texture format supported - PF_R8
12:21:17: D3D9: Vertex texture format supported - PF_RG8
12:21:17: RenderSystem capabilities
12:21:17: -------------------------
12:21:17: RenderSystem Name: Direct3D9 Rendering Subsystem
12:21:17: GPU Vendor: ati
12:21:17: Device Name: Monitor-1-ATI Mobility Radeon HD 4300/4500 Series
12:21:17: Driver Version: 8.17.10.1114
12:21:17:  * Fixed function pipeline: yes
12:21:17:  * Hardware generation of mipmaps: yes
12:21:17:  * Texture blending: yes
12:21:17:  * Anisotropic texture filtering: yes
12:21:17:  * Dot product texture operation: yes
12:21:17:  * Cube mapping: yes
12:21:17:  * Hardware stencil buffer: yes
12:21:17:    - Stencil depth: 8
12:21:17:    - Two sided stencil support: yes
12:21:17:    - Wrap stencil values: yes
12:21:17:  * Hardware vertex / index buffers: yes
12:21:17:  * Vertex programs: yes
12:21:17:  * Number of floating-point constants for vertex programs: 256
12:21:17:  * Number of integer constants for vertex programs: 16
12:21:17:  * Number of boolean constants for vertex programs: 16
12:21:17:  * Fragment programs: yes
12:21:17:  * Number of floating-point constants for fragment programs: 224
12:21:17:  * Number of integer constants for fragment programs: 16
12:21:17:  * Number of boolean constants for fragment programs: 16
12:21:17:  * Geometry programs: no
12:21:17:  * Number of floating-point constants for geometry programs: 0
12:21:17:  * Number of integer constants for geometry programs: 0
12:21:17:  * Number of boolean constants for geometry programs: 0
12:21:17:  * Supported Shader Profiles: hlsl ps_1_1 ps_1_2 ps_1_3 ps_1_4 ps_2_0 ps_2_a ps_2_b ps_2_x ps_3_0 vs_1_1 vs_2_0 vs_2_a vs_2_x vs_3_0
12:21:17:  * Texture Compression: yes
12:21:17:    - DXT: yes
12:21:17:    - VTC: no
12:21:17:    - PVRTC: no
12:21:17:  * Scissor Rectangle: yes
12:21:17:  * Hardware Occlusion Query: yes
12:21:17:  * User clip planes: yes
12:21:17:  * VET_UBYTE4 vertex element type: yes
12:21:17:  * Infinite far plane projection: yes
12:21:17:  * Hardware render-to-texture: yes
12:21:17:  * Floating point textures: yes
12:21:17:  * Non-power-of-two textures: yes
12:21:17:  * Volume textures: yes
12:21:17:  * Multiple Render Targets: 4
12:21:17:    - With different bit depths: yes
12:21:17:  * Point Sprites: yes
12:21:17:  * Extended point parameters: yes
12:21:17:  * Max Point Size: 256
12:21:17:  * Vertex texture fetch: yes
12:21:17:  * Number of world matrices: 0
12:21:17:  * Number of texture units: 8
12:21:17:  * Stencil buffer depth: 8
12:21:17:  * Number of vertex blend matrices: 0
12:21:17:    - Max vertex textures: 4
12:21:17:    - Vertex textures shared: no
12:21:17:  * Render to Vertex Buffer : no
12:21:17:  * DirectX per stage constants: yes
12:21:17: ***************************************
12:21:17: *** D3D9 : Subsystem Initialised OK ***
12:21:17: ***************************************
12:21:17: DefaultWorkQueue('Root') initialising on thread 0039A888.
12:21:17: DefaultWorkQueue('Root')::WorkerFunc - thread 003B7110 starting.
12:21:17: DefaultWorkQueue('Root')::WorkerFunc - thread 003B7620 starting.
12:21:17: DefaultWorkQueue('Root')::WorkerFunc - thread 003B7690 starting.
12:21:17: Particle Renderer Type 'billboard' registered
12:21:17: DefaultWorkQueue('Root')::WorkerFunc - thread 003B7BA0 starting.
12:21:17: Parsing scripts for resource group Autodetect
12:21:17: Finished parsing scripts for resource group Autodetect
12:21:17: Creating resources for group Autodetect
12:21:17: All done
12:21:17: Parsing scripts for resource group Essential
12:21:17: Parsing script SdkTrays.material
12:21:17: Parsing script SdkTrays.fontdef
12:21:17: Parsing script SdkTrays.overlay
12:21:17: Texture: sdk_cursor.png: Loading 1 faces(PF_A8R8G8B8,32x32x1) Internal format is PF_A8R8G8B8,32x32x1.
12:21:17: Texture: sdk_tray.png: Loading 1 faces(PF_A8R8G8B8,64x64x1) Internal format is PF_A8R8G8B8,64x64x1.
12:21:17: Texture: sdk_button_up.png: Loading 1 faces(PF_A8R8G8B8,128x32x1) Internal format is PF_A8R8G8B8,128x32x1.
12:21:17: Texture: sdk_text_box.png: Loading 1 faces(PF_A8R8G8B8,32x32x1) Internal format is PF_A8R8G8B8,32x32x1.
12:21:17: Texture: sdk_mini_tray.png: Loading 1 faces(PF_A8R8G8B8,32x32x1) Internal format is PF_A8R8G8B8,32x32x1.
12:21:17: Texture: sdk_track.png: Loading 1 faces(PF_A8R8G8B8,16x32x1) Internal format is PF_A8R8G8B8,16x32x1.
12:21:17: Texture: sdk_handle.png: Loading 1 faces(PF_A8R8G8B8,16x16x1) Internal format is PF_A8R8G8B8,16x16x1.
12:21:17: Texture: sdk_mini_text_box.png: Loading 1 faces(PF_A8R8G8B8,32x32x1) Internal format is PF_A8R8G8B8,32x32x1.
12:21:18: Texture: sdk_label.png: Loading 1 faces(PF_A8R8G8B8,32x32x1) Internal format is PF_A8R8G8B8,32x32x1.
12:21:18: Texture: sdk_separator.png: Loading 1 faces(PF_A8R8G8B8,64x16x1) Internal format is PF_A8R8G8B8,64x16x1.
12:21:18: Texture: sdk_logo.png: Loading 1 faces(PF_A8R8G8B8,128x64x1) Internal format is PF_A8R8G8B8,128x64x1.
12:21:18: Texture: sdk_shade.png: Loading 1 faces(PF_A8R8G8B8,64x48x1) with 5 generated mipmaps from Image. Internal format is PF_A8R8G8B8,64x48x1.
12:21:18: Texture: sdk_frame.png: Loading 1 faces(PF_A8R8G8B8,32x32x1) Internal format is PF_A8R8G8B8,32x32x1.
12:21:18: Texture: sdk_mini_text_box_over.png: Loading 1 faces(PF_A8R8G8B8,32x32x1) Internal format is PF_A8R8G8B8,32x32x1.
12:21:18: Texture: sdk_pulse.png: Loading 1 faces(PF_R8G8B8,8x1x1) Internal format is PF_X8R8G8B8,8x1x1.
12:21:18: Finished parsing scripts for resource group Essential
12:21:18: Creating resources for group Essential
12:21:18: All done
12:21:18: Parsing scripts for resource group General
12:21:18: Finished parsing scripts for resource group General
12:21:18: Creating resources for group General
12:21:18: All done
12:21:18: Parsing scripts for resource group Internal
12:21:18: Finished parsing scripts for resource group Internal
12:21:18: Creating resources for group Internal
12:21:18: All done
12:21:18: Parsing scripts for resource group Popular
12:21:18: Parsing script Box.material
12:21:18: Parsing script Examples.material
12:21:18: Parsing script pokeball_dae.material
12:21:18: Parsing script cc.material
12:21:18: Finished parsing scripts for resource group Popular
12:21:18: Creating resources for group Popular
12:21:18: All done
12:21:18: Texture: BeachStones.jpg: Loading 1 faces(PF_R8G8B8,512x512x1) Internal format is PF_X8R8G8B8,512x512x1.
12:21:18: Mesh: Loading pokeball_dae.mesh.
12:21:18: Mesh: Loading cube.mesh.
12:21:18: Texture: GreenSkin.jpg: Loading 1 faces(PF_R8G8B8,256x256x1) Internal format is PF_X8R8G8B8,256x256x1.
12:21:18: *** Initializing OIS ***
12:21:18: Font SdkTrays/Caption using texture size 512x256
12:21:18: Info: Freetype returned null for character 160 in font SdkTrays/Caption
12:21:18: Texture: SdkTrays/CaptionTexture: Loading 1 faces(PF_BYTE_LA,512x256x1) with 0 generated mipmaps from Image. Internal format is PF_BYTE_LA,512x256x1.
12:21:18: Font SdkTrays/Value using texture size 512x512
12:21:18: Info: Freetype returned null for character 127 in font SdkTrays/Value
12:21:18: Info: Freetype returned null for character 128 in font SdkTrays/Value
12:21:18: Info: Freetype returned null for character 129 in font SdkTrays/Value
12:21:18: Info: Freetype returned null for character 130 in font SdkTrays/Value
12:21:18: Info: Freetype returned null for character 131 in font SdkTrays/Value
12:21:18: Info: Freetype returned null for character 132 in font SdkTrays/Value
12:21:18: Info: Freetype returned null for character 133 in font SdkTrays/Value
12:21:18: Info: Freetype returned null for character 134 in font SdkTrays/Value
12:21:18: Info: Freetype returned null for character 135 in font SdkTrays/Value
12:21:18: Info: Freetype returned null for character 136 in font SdkTrays/Value
12:21:18: Info: Freetype returned null for character 137 in font SdkTrays/Value
12:21:18: Info: Freetype returned null for character 138 in font SdkTrays/Value
12:21:18: Info: Freetype returned null for character 139 in font SdkTrays/Value
12:21:18: Info: Freetype returned null for character 140 in font SdkTrays/Value
12:21:18: Info: Freetype returned null for character 141 in font SdkTrays/Value
12:21:18: Info: Freetype returned null for character 142 in font SdkTrays/Value
12:21:18: Info: Freetype returned null for character 143 in font SdkTrays/Value
12:21:18: Info: Freetype returned null for character 144 in font SdkTrays/Value
12:21:18: Info: Freetype returned null for character 145 in font SdkTrays/Value
12:21:18: Info: Freetype returned null for character 146 in font SdkTrays/Value
12:21:18: Info: Freetype returned null for character 147 in font SdkTrays/Value
12:21:18: Info: Freetype returned null for character 148 in font SdkTrays/Value
12:21:18: Info: Freetype returned null for character 149 in font SdkTrays/Value
12:21:18: Info: Freetype returned null for character 150 in font SdkTrays/Value
12:21:18: Info: Freetype returned null for character 151 in font SdkTrays/Value
12:21:18: Info: Freetype returned null for character 152 in font SdkTrays/Value
12:21:18: Info: Freetype returned null for character 153 in font SdkTrays/Value
12:21:18: Info: Freetype returned null for character 154 in font SdkTrays/Value
12:21:18: Info: Freetype returned null for character 155 in font SdkTrays/Value
12:21:18: Info: Freetype returned null for character 156 in font SdkTrays/Value
12:21:18: Info: Freetype returned null for character 157 in font SdkTrays/Value
12:21:18: Info: Freetype returned null for character 158 in font SdkTrays/Value
12:21:18: Info: Freetype returned null for character 159 in font SdkTrays/Value
12:21:18: Info: Freetype returned null for character 160 in font SdkTrays/Value
12:21:18: Texture: SdkTrays/ValueTexture: Loading 1 faces(PF_BYTE_LA,512x512x1) with 0 generated mipmaps from Image. Internal format is PF_BYTE_LA,512x512x1.
12:22:03: DefaultWorkQueue('Root') shutting down on thread 0039A888.
12:22:03: DefaultWorkQueue('Root')::WorkerFunc - thread 003B7110 stopped.
12:22:03: DefaultWorkQueue('Root')::WorkerFunc - thread 003B7620 stopped.
12:22:03: DefaultWorkQueue('Root')::WorkerFunc - thread 003B7BA0 stopped.
12:22:03: DefaultWorkQueue('Root')::WorkerFunc - thread 003B7690 stopped.
12:22:03: *-*-* OGRE Shutdown
12:22:03: Unregistering ResourceManager for type Compositor
12:22:03: Unregistering ResourceManager for type Font
12:22:03: Unregistering ResourceManager for type Skeleton
12:22:03: Unregistering ResourceManager for type Mesh
12:22:03: Unregistering ResourceManager for type HighLevelGpuProgram
12:22:03: Uninstalling plugin: D3D9 RenderSystem
12:22:03: D3D9 : Shutting down cleanly.
12:22:03: Unregistering ResourceManager for type Texture
12:22:03: Unregistering ResourceManager for type GpuProgram
12:22:03: D3D9 : Direct3D9 Rendering Subsystem destroyed.
12:22:03: Plugin successfully uninstalled
12:22:03: Unloading library .\RenderSystem_Direct3D9_d
12:22:03: Unregistering ResourceManager for type Material
