bin\Debug\OgreApp.ilk
bin\Debug\OgreApp.pdb
C:\USERS\PROBOOK\DESKTOP\MASTER\PHYSICS PROGRAMMING\PROGETTO\OGREAPP\OGREAPP\BIN\DEBUG\OGREAPP.EXE
C:\USERS\PROBOOK\DESKTOP\MASTER\PHYSICS PROGRAMMING\PROGETTO\OGREAPP\OGREAPP\BIN\DEBUG\OGREAPP.ILK
C:\USERS\PROBOOK\DESKTOP\MASTER\PHYSICS PROGRAMMING\PROGETTO\OGREAPP\OGREAPP\BIN\DEBUG\OGREAPP.PDB
C:\USERS\PROBOOK\DESKTOP\MASTER\PHYSICS PROGRAMMING\PROGETTO\OGREAPP\OGREAPP\OBJ\DEBUG\BASEAPPLICATION.OBJ
C:\Users\PROBOOK\Desktop\MASTER\Physics Programming\Progetto\OgreApp\OgreApp\obj\Debug\cl.command.1.tlog
C:\Users\PROBOOK\Desktop\MASTER\Physics Programming\Progetto\OgreApp\OgreApp\obj\Debug\CL.read.1.tlog
C:\Users\PROBOOK\Desktop\MASTER\Physics Programming\Progetto\OgreApp\OgreApp\obj\Debug\CL.write.1.tlog
C:\USERS\PROBOOK\DESKTOP\MASTER\PHYSICS PROGRAMMING\PROGETTO\OGREAPP\OGREAPP\OBJ\DEBUG\COLLISIONOBJECT.OBJ
C:\USERS\PROBOOK\DESKTOP\MASTER\PHYSICS PROGRAMMING\PROGETTO\OGREAPP\OGREAPP\OBJ\DEBUG\COLLISIONPRIMITIVE.OBJ
C:\USERS\PROBOOK\DESKTOP\MASTER\PHYSICS PROGRAMMING\PROGETTO\OGREAPP\OGREAPP\OBJ\DEBUG\COLLISORE.OBJ
C:\USERS\PROBOOK\DESKTOP\MASTER\PHYSICS PROGRAMMING\PROGETTO\OGREAPP\OGREAPP\OBJ\DEBUG\CONTACTS.OBJ
C:\USERS\PROBOOK\DESKTOP\MASTER\PHYSICS PROGRAMMING\PROGETTO\OGREAPP\OGREAPP\OBJ\DEBUG\CORE.OBJ
C:\USERS\PROBOOK\DESKTOP\MASTER\PHYSICS PROGRAMMING\PROGETTO\OGREAPP\OGREAPP\OBJ\DEBUG\FORCES.OBJ
C:\Users\PROBOOK\Desktop\MASTER\Physics Programming\Progetto\OgreApp\OgreApp\obj\Debug\link.1320.read.1.tlog
C:\Users\PROBOOK\Desktop\MASTER\Physics Programming\Progetto\OgreApp\OgreApp\obj\Debug\link.1320.write.1.tlog
C:\Users\PROBOOK\Desktop\MASTER\Physics Programming\Progetto\OgreApp\OgreApp\obj\Debug\link.1320-cvtres.read.1.tlog
C:\Users\PROBOOK\Desktop\MASTER\Physics Programming\Progetto\OgreApp\OgreApp\obj\Debug\link.1320-cvtres.write.1.tlog
C:\Users\PROBOOK\Desktop\MASTER\Physics Programming\Progetto\OgreApp\OgreApp\obj\Debug\link.1544.read.1.tlog
C:\Users\PROBOOK\Desktop\MASTER\Physics Programming\Progetto\OgreApp\OgreApp\obj\Debug\link.1544.write.1.tlog
C:\Users\PROBOOK\Desktop\MASTER\Physics Programming\Progetto\OgreApp\OgreApp\obj\Debug\link.1544-cvtres.read.1.tlog
C:\Users\PROBOOK\Desktop\MASTER\Physics Programming\Progetto\OgreApp\OgreApp\obj\Debug\link.1544-cvtres.write.1.tlog
C:\Users\PROBOOK\Desktop\MASTER\Physics Programming\Progetto\OgreApp\OgreApp\obj\Debug\link.2004.read.1.tlog
C:\Users\PROBOOK\Desktop\MASTER\Physics Programming\Progetto\OgreApp\OgreApp\obj\Debug\link.2004.write.1.tlog
C:\Users\PROBOOK\Desktop\MASTER\Physics Programming\Progetto\OgreApp\OgreApp\obj\Debug\link.2004-cvtres.read.1.tlog
C:\Users\PROBOOK\Desktop\MASTER\Physics Programming\Progetto\OgreApp\OgreApp\obj\Debug\link.2004-cvtres.write.1.tlog
C:\Users\PROBOOK\Desktop\MASTER\Physics Programming\Progetto\OgreApp\OgreApp\obj\Debug\link.2368.read.1.tlog
C:\Users\PROBOOK\Desktop\MASTER\Physics Programming\Progetto\OgreApp\OgreApp\obj\Debug\link.2368.write.1.tlog
C:\Users\PROBOOK\Desktop\MASTER\Physics Programming\Progetto\OgreApp\OgreApp\obj\Debug\link.2368-cvtres.read.1.tlog
C:\Users\PROBOOK\Desktop\MASTER\Physics Programming\Progetto\OgreApp\OgreApp\obj\Debug\link.2368-cvtres.write.1.tlog
C:\Users\PROBOOK\Desktop\MASTER\Physics Programming\Progetto\OgreApp\OgreApp\obj\Debug\link.3668.read.1.tlog
C:\Users\PROBOOK\Desktop\MASTER\Physics Programming\Progetto\OgreApp\OgreApp\obj\Debug\link.3668.write.1.tlog
C:\Users\PROBOOK\Desktop\MASTER\Physics Programming\Progetto\OgreApp\OgreApp\obj\Debug\link.3668-cvtres.read.1.tlog
C:\Users\PROBOOK\Desktop\MASTER\Physics Programming\Progetto\OgreApp\OgreApp\obj\Debug\link.3668-cvtres.write.1.tlog
C:\Users\PROBOOK\Desktop\MASTER\Physics Programming\Progetto\OgreApp\OgreApp\obj\Debug\link.3780.read.1.tlog
C:\Users\PROBOOK\Desktop\MASTER\Physics Programming\Progetto\OgreApp\OgreApp\obj\Debug\link.3780.write.1.tlog
C:\Users\PROBOOK\Desktop\MASTER\Physics Programming\Progetto\OgreApp\OgreApp\obj\Debug\link.3780-cvtres.read.1.tlog
C:\Users\PROBOOK\Desktop\MASTER\Physics Programming\Progetto\OgreApp\OgreApp\obj\Debug\link.3780-cvtres.write.1.tlog
C:\Users\PROBOOK\Desktop\MASTER\Physics Programming\Progetto\OgreApp\OgreApp\obj\Debug\link.4084.read.1.tlog
C:\Users\PROBOOK\Desktop\MASTER\Physics Programming\Progetto\OgreApp\OgreApp\obj\Debug\link.4084.write.1.tlog
C:\Users\PROBOOK\Desktop\MASTER\Physics Programming\Progetto\OgreApp\OgreApp\obj\Debug\link.4084-cvtres.read.1.tlog
C:\Users\PROBOOK\Desktop\MASTER\Physics Programming\Progetto\OgreApp\OgreApp\obj\Debug\link.4084-cvtres.write.1.tlog
C:\Users\PROBOOK\Desktop\MASTER\Physics Programming\Progetto\OgreApp\OgreApp\obj\Debug\link.4516.read.1.tlog
C:\Users\PROBOOK\Desktop\MASTER\Physics Programming\Progetto\OgreApp\OgreApp\obj\Debug\link.4516.write.1.tlog
C:\Users\PROBOOK\Desktop\MASTER\Physics Programming\Progetto\OgreApp\OgreApp\obj\Debug\link.4516-cvtres.read.1.tlog
C:\Users\PROBOOK\Desktop\MASTER\Physics Programming\Progetto\OgreApp\OgreApp\obj\Debug\link.4516-cvtres.write.1.tlog
C:\Users\PROBOOK\Desktop\MASTER\Physics Programming\Progetto\OgreApp\OgreApp\obj\Debug\link.4776.read.1.tlog
C:\Users\PROBOOK\Desktop\MASTER\Physics Programming\Progetto\OgreApp\OgreApp\obj\Debug\link.4776.write.1.tlog
C:\Users\PROBOOK\Desktop\MASTER\Physics Programming\Progetto\OgreApp\OgreApp\obj\Debug\link.4776-cvtres.read.1.tlog
C:\Users\PROBOOK\Desktop\MASTER\Physics Programming\Progetto\OgreApp\OgreApp\obj\Debug\link.4776-cvtres.write.1.tlog
C:\Users\PROBOOK\Desktop\MASTER\Physics Programming\Progetto\OgreApp\OgreApp\obj\Debug\link.4936.read.1.tlog
C:\Users\PROBOOK\Desktop\MASTER\Physics Programming\Progetto\OgreApp\OgreApp\obj\Debug\link.4936.write.1.tlog
C:\Users\PROBOOK\Desktop\MASTER\Physics Programming\Progetto\OgreApp\OgreApp\obj\Debug\link.4936-cvtres.read.1.tlog
C:\Users\PROBOOK\Desktop\MASTER\Physics Programming\Progetto\OgreApp\OgreApp\obj\Debug\link.4936-cvtres.write.1.tlog
C:\Users\PROBOOK\Desktop\MASTER\Physics Programming\Progetto\OgreApp\OgreApp\obj\Debug\link.5052.read.1.tlog
C:\Users\PROBOOK\Desktop\MASTER\Physics Programming\Progetto\OgreApp\OgreApp\obj\Debug\link.5052.write.1.tlog
C:\Users\PROBOOK\Desktop\MASTER\Physics Programming\Progetto\OgreApp\OgreApp\obj\Debug\link.5052-cvtres.read.1.tlog
C:\Users\PROBOOK\Desktop\MASTER\Physics Programming\Progetto\OgreApp\OgreApp\obj\Debug\link.5052-cvtres.write.1.tlog
C:\Users\PROBOOK\Desktop\MASTER\Physics Programming\Progetto\OgreApp\OgreApp\obj\Debug\link.5276.read.1.tlog
C:\Users\PROBOOK\Desktop\MASTER\Physics Programming\Progetto\OgreApp\OgreApp\obj\Debug\link.5276.write.1.tlog
C:\Users\PROBOOK\Desktop\MASTER\Physics Programming\Progetto\OgreApp\OgreApp\obj\Debug\link.5276-cvtres.read.1.tlog
C:\Users\PROBOOK\Desktop\MASTER\Physics Programming\Progetto\OgreApp\OgreApp\obj\Debug\link.5276-cvtres.write.1.tlog
C:\Users\PROBOOK\Desktop\MASTER\Physics Programming\Progetto\OgreApp\OgreApp\obj\Debug\link.5492.read.1.tlog
C:\Users\PROBOOK\Desktop\MASTER\Physics Programming\Progetto\OgreApp\OgreApp\obj\Debug\link.5492.write.1.tlog
C:\Users\PROBOOK\Desktop\MASTER\Physics Programming\Progetto\OgreApp\OgreApp\obj\Debug\link.5492-cvtres.read.1.tlog
C:\Users\PROBOOK\Desktop\MASTER\Physics Programming\Progetto\OgreApp\OgreApp\obj\Debug\link.5492-cvtres.write.1.tlog
C:\Users\PROBOOK\Desktop\MASTER\Physics Programming\Progetto\OgreApp\OgreApp\obj\Debug\link.5856.read.1.tlog
C:\Users\PROBOOK\Desktop\MASTER\Physics Programming\Progetto\OgreApp\OgreApp\obj\Debug\link.5856.write.1.tlog
C:\Users\PROBOOK\Desktop\MASTER\Physics Programming\Progetto\OgreApp\OgreApp\obj\Debug\link.5856-cvtres.read.1.tlog
C:\Users\PROBOOK\Desktop\MASTER\Physics Programming\Progetto\OgreApp\OgreApp\obj\Debug\link.5856-cvtres.write.1.tlog
C:\Users\PROBOOK\Desktop\MASTER\Physics Programming\Progetto\OgreApp\OgreApp\obj\Debug\link.6644.read.1.tlog
C:\Users\PROBOOK\Desktop\MASTER\Physics Programming\Progetto\OgreApp\OgreApp\obj\Debug\link.6644.write.1.tlog
C:\Users\PROBOOK\Desktop\MASTER\Physics Programming\Progetto\OgreApp\OgreApp\obj\Debug\link.6644-cvtres.read.1.tlog
C:\Users\PROBOOK\Desktop\MASTER\Physics Programming\Progetto\OgreApp\OgreApp\obj\Debug\link.6644-cvtres.write.1.tlog
C:\Users\PROBOOK\Desktop\MASTER\Physics Programming\Progetto\OgreApp\OgreApp\obj\Debug\link.6720.read.1.tlog
C:\Users\PROBOOK\Desktop\MASTER\Physics Programming\Progetto\OgreApp\OgreApp\obj\Debug\link.6720.write.1.tlog
C:\Users\PROBOOK\Desktop\MASTER\Physics Programming\Progetto\OgreApp\OgreApp\obj\Debug\link.6720-cvtres.read.1.tlog
C:\Users\PROBOOK\Desktop\MASTER\Physics Programming\Progetto\OgreApp\OgreApp\obj\Debug\link.6720-cvtres.write.1.tlog
C:\Users\PROBOOK\Desktop\MASTER\Physics Programming\Progetto\OgreApp\OgreApp\obj\Debug\link.7136.read.1.tlog
C:\Users\PROBOOK\Desktop\MASTER\Physics Programming\Progetto\OgreApp\OgreApp\obj\Debug\link.7136.write.1.tlog
C:\Users\PROBOOK\Desktop\MASTER\Physics Programming\Progetto\OgreApp\OgreApp\obj\Debug\link.7136-cvtres.read.1.tlog
C:\Users\PROBOOK\Desktop\MASTER\Physics Programming\Progetto\OgreApp\OgreApp\obj\Debug\link.7136-cvtres.write.1.tlog
C:\Users\PROBOOK\Desktop\MASTER\Physics Programming\Progetto\OgreApp\OgreApp\obj\Debug\link.7400.read.1.tlog
C:\Users\PROBOOK\Desktop\MASTER\Physics Programming\Progetto\OgreApp\OgreApp\obj\Debug\link.7400.write.1.tlog
C:\Users\PROBOOK\Desktop\MASTER\Physics Programming\Progetto\OgreApp\OgreApp\obj\Debug\link.7400-cvtres.read.1.tlog
C:\Users\PROBOOK\Desktop\MASTER\Physics Programming\Progetto\OgreApp\OgreApp\obj\Debug\link.7400-cvtres.write.1.tlog
C:\Users\PROBOOK\Desktop\MASTER\Physics Programming\Progetto\OgreApp\OgreApp\obj\Debug\link.7884.read.1.tlog
C:\Users\PROBOOK\Desktop\MASTER\Physics Programming\Progetto\OgreApp\OgreApp\obj\Debug\link.7884.write.1.tlog
C:\Users\PROBOOK\Desktop\MASTER\Physics Programming\Progetto\OgreApp\OgreApp\obj\Debug\link.7884-cvtres.read.1.tlog
C:\Users\PROBOOK\Desktop\MASTER\Physics Programming\Progetto\OgreApp\OgreApp\obj\Debug\link.7884-cvtres.write.1.tlog
C:\Users\PROBOOK\Desktop\MASTER\Physics Programming\Progetto\OgreApp\OgreApp\obj\Debug\link.8116.read.1.tlog
C:\Users\PROBOOK\Desktop\MASTER\Physics Programming\Progetto\OgreApp\OgreApp\obj\Debug\link.8116.write.1.tlog
C:\Users\PROBOOK\Desktop\MASTER\Physics Programming\Progetto\OgreApp\OgreApp\obj\Debug\link.8116-cvtres.read.1.tlog
C:\Users\PROBOOK\Desktop\MASTER\Physics Programming\Progetto\OgreApp\OgreApp\obj\Debug\link.8116-cvtres.write.1.tlog
C:\Users\PROBOOK\Desktop\MASTER\Physics Programming\Progetto\OgreApp\OgreApp\obj\Debug\link.command.1.tlog
C:\Users\PROBOOK\Desktop\MASTER\Physics Programming\Progetto\OgreApp\OgreApp\obj\Debug\link.read.1.tlog
C:\Users\PROBOOK\Desktop\MASTER\Physics Programming\Progetto\OgreApp\OgreApp\obj\Debug\link.write.1.tlog
C:\Users\PROBOOK\Desktop\MASTER\Physics Programming\Progetto\OgreApp\OgreApp\obj\Debug\link-cvtres.read.1.tlog
C:\Users\PROBOOK\Desktop\MASTER\Physics Programming\Progetto\OgreApp\OgreApp\obj\Debug\link-cvtres.write.1.tlog
C:\Users\PROBOOK\Desktop\MASTER\Physics Programming\Progetto\OgreApp\OgreApp\obj\Debug\mt.command.1.tlog
C:\Users\PROBOOK\Desktop\MASTER\Physics Programming\Progetto\OgreApp\OgreApp\obj\Debug\mt.read.1.tlog
C:\Users\PROBOOK\Desktop\MASTER\Physics Programming\Progetto\OgreApp\OgreApp\obj\Debug\mt.write.1.tlog
C:\USERS\PROBOOK\DESKTOP\MASTER\PHYSICS PROGRAMMING\PROGETTO\OGREAPP\OGREAPP\OBJ\DEBUG\OGREAPP.EXE.EMBED.MANIFEST
C:\USERS\PROBOOK\DESKTOP\MASTER\PHYSICS PROGRAMMING\PROGETTO\OGREAPP\OGREAPP\OBJ\DEBUG\OGREAPP.EXE.EMBED.MANIFEST.RES
C:\USERS\PROBOOK\DESKTOP\MASTER\PHYSICS PROGRAMMING\PROGETTO\OGREAPP\OGREAPP\OBJ\DEBUG\OGREAPP.EXE.INTERMEDIATE.MANIFEST
C:\USERS\PROBOOK\DESKTOP\MASTER\PHYSICS PROGRAMMING\PROGETTO\OGREAPP\OGREAPP\OBJ\DEBUG\OGREAPP.OBJ
C:\USERS\PROBOOK\DESKTOP\MASTER\PHYSICS PROGRAMMING\PROGETTO\OGREAPP\OGREAPP\OBJ\DEBUG\OGREAPP.RES
C:\Users\PROBOOK\Desktop\MASTER\Physics Programming\Progetto\OgreApp\OgreApp\obj\Debug\OgreApp_manifest.rc
C:\USERS\PROBOOK\DESKTOP\MASTER\PHYSICS PROGRAMMING\PROGETTO\OGREAPP\OGREAPP\OBJ\DEBUG\PARTICLE.OBJ
C:\Users\PROBOOK\Desktop\MASTER\Physics Programming\Progetto\OgreApp\OgreApp\obj\Debug\rc.command.1.tlog
C:\Users\PROBOOK\Desktop\MASTER\Physics Programming\Progetto\OgreApp\OgreApp\obj\Debug\rc.read.1.tlog
C:\Users\PROBOOK\Desktop\MASTER\Physics Programming\Progetto\OgreApp\OgreApp\obj\Debug\rc.write.1.tlog
C:\USERS\PROBOOK\DESKTOP\MASTER\PHYSICS PROGRAMMING\PROGETTO\OGREAPP\OGREAPP\OBJ\DEBUG\RIGIDBODY.OBJ
C:\Users\PROBOOK\Desktop\MASTER\Physics Programming\Progetto\OgreApp\OgreApp\obj\Debug\vc100.idb
C:\USERS\PROBOOK\DESKTOP\MASTER\PHYSICS PROGRAMMING\PROGETTO\OGREAPP\OGREAPP\OBJ\DEBUG\VC100.PDB
