09:06:46: Creating resource group General
09:06:46: Creating resource group Internal
09:06:46: Creating resource group Autodetect
09:06:46: SceneManagerFactory for type 'DefaultSceneManager' registered.
09:06:46: Registering ResourceManager for type Material
09:06:46: Registering ResourceManager for type Mesh
09:06:46: Registering ResourceManager for type Skeleton
09:06:46: MovableObjectFactory for type 'ParticleSystem' registered.
09:06:46: OverlayElementFactory for type Panel registered.
09:06:46: OverlayElementFactory for type BorderPanel registered.
09:06:46: OverlayElementFactory for type TextArea registered.
09:06:46: Registering ResourceManager for type Font
09:06:46: ArchiveFactory for archive type FileSystem registered.
09:06:46: ArchiveFactory for archive type Zip registered.
09:06:46: ArchiveFactory for archive type EmbeddedZip registered.
09:06:46: DDS codec registering
09:06:46: FreeImage version: 3.13.1
09:06:46: This program uses FreeImage, a free, open source image library supporting all common bitmap formats. See http://freeimage.sourceforge.net for details
09:06:46: Supported formats: bmp,ico,jpg,jif,jpeg,jpe,jng,koa,iff,lbm,mng,pbm,pbm,pcd,pcx,pgm,pgm,png,ppm,ppm,ras,tga,targa,tif,tiff,wap,wbmp,wbm,psd,cut,xbm,xpm,gif,hdr,g3,sgi,exr,j2k,j2c,jp2,pfm,pct,pict,pic,bay,bmq,cr2,crw,cs1,dc2,dcr,dng,erf,fff,hdr,k25,kdc,mdc,mos,mrw,nef,orf,pef,pxn,raf,raw,rdc,sr2,srf,arw,3fr,cine,ia,kc2,mef,nrw,qtk,rw2,sti,drf,dsc,ptx,cap,iiq,rwz
09:06:46: Registering ResourceManager for type HighLevelGpuProgram
09:06:46: Registering ResourceManager for type Compositor
09:06:46: MovableObjectFactory for type 'Entity' registered.
09:06:46: MovableObjectFactory for type 'Light' registered.
09:06:46: MovableObjectFactory for type 'BillboardSet' registered.
09:06:46: MovableObjectFactory for type 'ManualObject' registered.
09:06:46: MovableObjectFactory for type 'BillboardChain' registered.
09:06:46: MovableObjectFactory for type 'RibbonTrail' registered.
09:06:46: Loading library .\RenderSystem_Direct3D9_d
09:06:46: Installing plugin: D3D9 RenderSystem
09:06:46: D3D9 : Direct3D9 Rendering Subsystem created.
09:06:46: D3D9: Driver Detection Starts
09:06:46: D3D9: Driver Detection Ends
09:06:46: Plugin successfully installed
09:06:46: *-*-* OGRE Initialising
09:06:46: *-*-* Version 1.8.0unstable (Byatis)
09:06:46: Creating resource group Essential
09:06:46: Added resource location './../Media/packs/SdkTrays.zip' of type 'Zip' to resource group 'Essential'
09:06:46: Added resource location './../Media' of type 'FileSystem' to resource group 'General'
09:06:46: Creating resource group Popular
09:06:46: Added resource location './../Media/materials/programs' of type 'FileSystem' to resource group 'Popular'
09:06:46: Added resource location './../Media/materials/scripts' of type 'FileSystem' to resource group 'Popular'
09:06:46: Added resource location './../Media/materials/textures' of type 'FileSystem' to resource group 'Popular'
09:06:46: Added resource location './../Media/models' of type 'FileSystem' to resource group 'Popular'
09:06:46: Added resource location './../Media/packs/nxogre.zip' of type 'Zip' to resource group 'Popular'
09:06:46: D3D9 : RenderSystem Option: Allow NVPerfHUD = No
09:06:46: D3D9 : RenderSystem Option: FSAA = 0
09:06:46: D3D9 : RenderSystem Option: Fixed Pipeline Enabled = Yes
09:06:46: D3D9 : RenderSystem Option: Floating-point mode = Fastest
09:06:46: D3D9 : RenderSystem Option: Full Screen = No
09:06:46: D3D9 : RenderSystem Option: Multi device memory hint = Use minimum system memory
09:06:46: D3D9 : RenderSystem Option: Rendering Device = Monitor-1-ATI Mobility Radeon HD 4300/4500 Series
09:06:46: D3D9 : RenderSystem Option: Resource Creation Policy = Create on all devices
09:06:46: D3D9 : RenderSystem Option: VSync = No
09:06:46: D3D9 : RenderSystem Option: VSync Interval = 1
09:06:46: D3D9 : RenderSystem Option: Video Mode = 800 x 600 @ 32-bit colour
09:06:46: D3D9 : RenderSystem Option: sRGB Gamma Conversion = No
09:06:47: CPU Identifier & Features
09:06:47: -------------------------
09:06:47:  *   CPU ID: GenuineIntel: Intel(R) Core(TM) i5 CPU       M 430  @ 2.27GHz
09:06:47:  *      SSE: yes
09:06:47:  *     SSE2: yes
09:06:47:  *     SSE3: yes
09:06:47:  *      MMX: yes
09:06:47:  *   MMXEXT: yes
09:06:47:  *    3DNOW: no
09:06:47:  * 3DNOWEXT: no
09:06:47:  *     CMOV: yes
09:06:47:  *      TSC: yes
09:06:47:  *      FPU: yes
09:06:47:  *      PRO: yes
09:06:47:  *       HT: no
09:06:47: -------------------------
09:06:47: D3D9 : Subsystem Initialising
09:06:47: Registering ResourceManager for type Texture
09:06:47: Registering ResourceManager for type GpuProgram
09:06:47: D3D9RenderSystem::_createRenderWindow "OgreApp Render Window", 800x600 windowed  miscParams: FSAA=0 FSAAHint= colourDepth=32 gamma=false monitorIndex=0 useNVPerfHUD=false vsync=false vsyncInterval=1 
09:06:47: D3D9 : Created D3D9 Rendering Window 'OgreApp Render Window' : 800x600, 32bpp
09:06:47: D3D9 : WARNING - disabling VSync in windowed mode can cause timing issues at lower frame rates, turn VSync on if you observe this problem.
09:06:47: D3D9: Vertex texture format supported - PF_L8
09:06:47: D3D9: Vertex texture format supported - PF_L16
09:06:47: D3D9: Vertex texture format supported - PF_A8
09:06:47: D3D9: Vertex texture format supported - PF_A4L4
09:06:47: D3D9: Vertex texture format supported - PF_BYTE_LA
09:06:47: D3D9: Vertex texture format supported - PF_R5G6B5
09:06:47: D3D9: Vertex texture format supported - PF_B5G6R5
09:06:47: D3D9: Vertex texture format supported - PF_A4R4G4B4
09:06:47: D3D9: Vertex texture format supported - PF_A1R5G5B5
09:06:47: D3D9: Vertex texture format supported - PF_A8R8G8B8
09:06:47: D3D9: Vertex texture format supported - PF_B8G8R8A8
09:06:47: D3D9: Vertex texture format supported - PF_A2R10G10B10
09:06:47: D3D9: Vertex texture format supported - PF_A2B10G10R10
09:06:47: D3D9: Vertex texture format supported - PF_DXT1
09:06:47: D3D9: Vertex texture format supported - PF_DXT2
09:06:47: D3D9: Vertex texture format supported - PF_DXT3
09:06:47: D3D9: Vertex texture format supported - PF_DXT4
09:06:47: D3D9: Vertex texture format supported - PF_DXT5
09:06:47: D3D9: Vertex texture format supported - PF_FLOAT16_RGB
09:06:47: D3D9: Vertex texture format supported - PF_FLOAT16_RGBA
09:06:47: D3D9: Vertex texture format supported - PF_FLOAT32_RGB
09:06:47: D3D9: Vertex texture format supported - PF_FLOAT32_RGBA
09:06:47: D3D9: Vertex texture format supported - PF_X8R8G8B8
09:06:47: D3D9: Vertex texture format supported - PF_X8B8G8R8
09:06:47: D3D9: Vertex texture format supported - PF_R8G8B8A8
09:06:47: D3D9: Vertex texture format supported - PF_DEPTH
09:06:47: D3D9: Vertex texture format supported - PF_SHORT_RGBA
09:06:47: D3D9: Vertex texture format supported - PF_FLOAT16_R
09:06:47: D3D9: Vertex texture format supported - PF_FLOAT32_R
09:06:47: D3D9: Vertex texture format supported - PF_SHORT_GR
09:06:47: D3D9: Vertex texture format supported - PF_FLOAT16_GR
09:06:47: D3D9: Vertex texture format supported - PF_FLOAT32_GR
09:06:47: D3D9: Vertex texture format supported - PF_SHORT_RGB
09:06:47: D3D9: Vertex texture format supported - PF_PVRTC_RGB2
09:06:47: D3D9: Vertex texture format supported - PF_PVRTC_RGBA2
09:06:47: D3D9: Vertex texture format supported - PF_PVRTC_RGB4
09:06:47: D3D9: Vertex texture format supported - PF_PVRTC_RGBA4
09:06:47: D3D9: Vertex texture format supported - PF_R8
09:06:47: D3D9: Vertex texture format supported - PF_RG8
09:06:47: RenderSystem capabilities
09:06:47: -------------------------
09:06:47: RenderSystem Name: Direct3D9 Rendering Subsystem
09:06:47: GPU Vendor: ati
09:06:47: Device Name: Monitor-1-ATI Mobility Radeon HD 4300/4500 Series
09:06:47: Driver Version: 8.17.10.1114
09:06:47:  * Fixed function pipeline: yes
09:06:47:  * Hardware generation of mipmaps: yes
09:06:47:  * Texture blending: yes
09:06:47:  * Anisotropic texture filtering: yes
09:06:47:  * Dot product texture operation: yes
09:06:47:  * Cube mapping: yes
09:06:47:  * Hardware stencil buffer: yes
09:06:47:    - Stencil depth: 8
09:06:47:    - Two sided stencil support: yes
09:06:47:    - Wrap stencil values: yes
09:06:47:  * Hardware vertex / index buffers: yes
09:06:47:  * Vertex programs: yes
09:06:47:  * Number of floating-point constants for vertex programs: 256
09:06:47:  * Number of integer constants for vertex programs: 16
09:06:47:  * Number of boolean constants for vertex programs: 16
09:06:47:  * Fragment programs: yes
09:06:47:  * Number of floating-point constants for fragment programs: 224
09:06:47:  * Number of integer constants for fragment programs: 16
09:06:47:  * Number of boolean constants for fragment programs: 16
09:06:47:  * Geometry programs: no
09:06:47:  * Number of floating-point constants for geometry programs: 0
09:06:47:  * Number of integer constants for geometry programs: 0
09:06:47:  * Number of boolean constants for geometry programs: 0
09:06:47:  * Supported Shader Profiles: hlsl ps_1_1 ps_1_2 ps_1_3 ps_1_4 ps_2_0 ps_2_a ps_2_b ps_2_x ps_3_0 vs_1_1 vs_2_0 vs_2_a vs_2_x vs_3_0
09:06:47:  * Texture Compression: yes
09:06:47:    - DXT: yes
09:06:47:    - VTC: no
09:06:47:    - PVRTC: no
09:06:47:  * Scissor Rectangle: yes
09:06:47:  * Hardware Occlusion Query: yes
09:06:47:  * User clip planes: yes
09:06:47:  * VET_UBYTE4 vertex element type: yes
09:06:47:  * Infinite far plane projection: yes
09:06:47:  * Hardware render-to-texture: yes
09:06:47:  * Floating point textures: yes
09:06:47:  * Non-power-of-two textures: yes
09:06:47:  * Volume textures: yes
09:06:47:  * Multiple Render Targets: 4
09:06:47:    - With different bit depths: yes
09:06:47:  * Point Sprites: yes
09:06:47:  * Extended point parameters: yes
09:06:47:  * Max Point Size: 256
09:06:47:  * Vertex texture fetch: yes
09:06:47:  * Number of world matrices: 0
09:06:47:  * Number of texture units: 8
09:06:47:  * Stencil buffer depth: 8
09:06:47:  * Number of vertex blend matrices: 0
09:06:47:    - Max vertex textures: 4
09:06:47:    - Vertex textures shared: no
09:06:47:  * Render to Vertex Buffer : no
09:06:47:  * DirectX per stage constants: yes
09:06:47: ***************************************
09:06:47: *** D3D9 : Subsystem Initialised OK ***
09:06:47: ***************************************
09:06:47: DefaultWorkQueue('Root') initialising on thread 0040A888.
09:06:47: DefaultWorkQueue('Root')::WorkerFunc - thread 00427778 starting.
09:06:47: DefaultWorkQueue('Root')::WorkerFunc - thread 00427A68 starting.
09:06:47: DefaultWorkQueue('Root')::WorkerFunc - thread 00428208 starting.
09:06:47: DefaultWorkQueue('Root')::WorkerFunc - thread 00427CF8 starting.
09:06:47: Particle Renderer Type 'billboard' registered
09:06:47: Parsing scripts for resource group Autodetect
09:06:47: Finished parsing scripts for resource group Autodetect
09:06:47: Creating resources for group Autodetect
09:06:47: All done
09:06:47: Parsing scripts for resource group Essential
09:06:47: Parsing script SdkTrays.material
09:06:47: Parsing script SdkTrays.fontdef
09:06:47: Parsing script SdkTrays.overlay
09:06:47: Texture: sdk_cursor.png: Loading 1 faces(PF_A8R8G8B8,32x32x1) Internal format is PF_A8R8G8B8,32x32x1.
09:06:47: Texture: sdk_tray.png: Loading 1 faces(PF_A8R8G8B8,64x64x1) Internal format is PF_A8R8G8B8,64x64x1.
09:06:47: Texture: sdk_button_up.png: Loading 1 faces(PF_A8R8G8B8,128x32x1) Internal format is PF_A8R8G8B8,128x32x1.
09:06:47: Texture: sdk_text_box.png: Loading 1 faces(PF_A8R8G8B8,32x32x1) Internal format is PF_A8R8G8B8,32x32x1.
09:06:47: Texture: sdk_mini_tray.png: Loading 1 faces(PF_A8R8G8B8,32x32x1) Internal format is PF_A8R8G8B8,32x32x1.
09:06:47: Texture: sdk_track.png: Loading 1 faces(PF_A8R8G8B8,16x32x1) Internal format is PF_A8R8G8B8,16x32x1.
09:06:47: Texture: sdk_handle.png: Loading 1 faces(PF_A8R8G8B8,16x16x1) Internal format is PF_A8R8G8B8,16x16x1.
09:06:47: Texture: sdk_mini_text_box.png: Loading 1 faces(PF_A8R8G8B8,32x32x1) Internal format is PF_A8R8G8B8,32x32x1.
09:06:47: Texture: sdk_label.png: Loading 1 faces(PF_A8R8G8B8,32x32x1) Internal format is PF_A8R8G8B8,32x32x1.
09:06:47: Texture: sdk_separator.png: Loading 1 faces(PF_A8R8G8B8,64x16x1) Internal format is PF_A8R8G8B8,64x16x1.
09:06:47: Texture: sdk_logo.png: Loading 1 faces(PF_A8R8G8B8,128x64x1) Internal format is PF_A8R8G8B8,128x64x1.
09:06:48: Texture: sdk_shade.png: Loading 1 faces(PF_A8R8G8B8,64x48x1) with 5 generated mipmaps from Image. Internal format is PF_A8R8G8B8,64x48x1.
09:06:48: Texture: sdk_frame.png: Loading 1 faces(PF_A8R8G8B8,32x32x1) Internal format is PF_A8R8G8B8,32x32x1.
09:06:48: Texture: sdk_mini_text_box_over.png: Loading 1 faces(PF_A8R8G8B8,32x32x1) Internal format is PF_A8R8G8B8,32x32x1.
09:06:48: Texture: sdk_pulse.png: Loading 1 faces(PF_R8G8B8,8x1x1) Internal format is PF_X8R8G8B8,8x1x1.
09:06:48: Finished parsing scripts for resource group Essential
09:06:48: Creating resources for group Essential
09:06:48: All done
09:06:48: Parsing scripts for resource group General
09:06:48: Finished parsing scripts for resource group General
09:06:48: Creating resources for group General
09:06:48: All done
09:06:48: Parsing scripts for resource group Internal
09:06:48: Finished parsing scripts for resource group Internal
09:06:48: Creating resources for group Internal
09:06:48: All done
09:06:48: Parsing scripts for resource group Popular
09:06:48: Parsing script Box.material
09:06:48: Parsing script Examples.material
09:06:48: Parsing script pokeball_dae.material
09:06:48: Parsing script cc.material
09:06:48: Finished parsing scripts for resource group Popular
09:06:48: Creating resources for group Popular
09:06:48: All done
09:06:48: Mesh: Loading pokeball_dae.mesh.
09:06:48: Mesh: Loading cube.mesh.
09:06:48: Texture: GreenSkin.jpg: Loading 1 faces(PF_R8G8B8,256x256x1) Internal format is PF_X8R8G8B8,256x256x1.
09:06:48: Texture: BeachStones.jpg: Loading 1 faces(PF_R8G8B8,512x512x1) Internal format is PF_X8R8G8B8,512x512x1.
09:06:48: *** Initializing OIS ***
09:06:48: Font SdkTrays/Caption using texture size 512x256
09:06:48: Info: Freetype returned null for character 160 in font SdkTrays/Caption
09:06:48: Texture: SdkTrays/CaptionTexture: Loading 1 faces(PF_BYTE_LA,512x256x1) with 0 generated mipmaps from Image. Internal format is PF_BYTE_LA,512x256x1.
09:06:48: Font SdkTrays/Value using texture size 512x512
09:06:48: Info: Freetype returned null for character 127 in font SdkTrays/Value
09:06:48: Info: Freetype returned null for character 128 in font SdkTrays/Value
09:06:48: Info: Freetype returned null for character 129 in font SdkTrays/Value
09:06:48: Info: Freetype returned null for character 130 in font SdkTrays/Value
09:06:48: Info: Freetype returned null for character 131 in font SdkTrays/Value
09:06:48: Info: Freetype returned null for character 132 in font SdkTrays/Value
09:06:48: Info: Freetype returned null for character 133 in font SdkTrays/Value
09:06:48: Info: Freetype returned null for character 134 in font SdkTrays/Value
09:06:48: Info: Freetype returned null for character 135 in font SdkTrays/Value
09:06:48: Info: Freetype returned null for character 136 in font SdkTrays/Value
09:06:48: Info: Freetype returned null for character 137 in font SdkTrays/Value
09:06:48: Info: Freetype returned null for character 138 in font SdkTrays/Value
09:06:48: Info: Freetype returned null for character 139 in font SdkTrays/Value
09:06:48: Info: Freetype returned null for character 140 in font SdkTrays/Value
09:06:48: Info: Freetype returned null for character 141 in font SdkTrays/Value
09:06:48: Info: Freetype returned null for character 142 in font SdkTrays/Value
09:06:48: Info: Freetype returned null for character 143 in font SdkTrays/Value
09:06:48: Info: Freetype returned null for character 144 in font SdkTrays/Value
09:06:48: Info: Freetype returned null for character 145 in font SdkTrays/Value
09:06:48: Info: Freetype returned null for character 146 in font SdkTrays/Value
09:06:48: Info: Freetype returned null for character 147 in font SdkTrays/Value
09:06:48: Info: Freetype returned null for character 148 in font SdkTrays/Value
09:06:48: Info: Freetype returned null for character 149 in font SdkTrays/Value
09:06:48: Info: Freetype returned null for character 150 in font SdkTrays/Value
09:06:48: Info: Freetype returned null for character 151 in font SdkTrays/Value
09:06:48: Info: Freetype returned null for character 152 in font SdkTrays/Value
09:06:48: Info: Freetype returned null for character 153 in font SdkTrays/Value
09:06:48: Info: Freetype returned null for character 154 in font SdkTrays/Value
09:06:48: Info: Freetype returned null for character 155 in font SdkTrays/Value
09:06:48: Info: Freetype returned null for character 156 in font SdkTrays/Value
09:06:48: Info: Freetype returned null for character 157 in font SdkTrays/Value
09:06:48: Info: Freetype returned null for character 158 in font SdkTrays/Value
09:06:48: Info: Freetype returned null for character 159 in font SdkTrays/Value
09:06:48: Info: Freetype returned null for character 160 in font SdkTrays/Value
09:06:48: Texture: SdkTrays/ValueTexture: Loading 1 faces(PF_BYTE_LA,512x512x1) with 0 generated mipmaps from Image. Internal format is PF_BYTE_LA,512x512x1.
09:06:56: DefaultWorkQueue('Root') shutting down on thread 0040A888.
09:06:56: DefaultWorkQueue('Root')::WorkerFunc - thread 00427CF8 stopped.
09:06:56: DefaultWorkQueue('Root')::WorkerFunc - thread 00428208 stopped.
09:06:56: DefaultWorkQueue('Root')::WorkerFunc - thread 00427A68 stopped.
09:06:56: DefaultWorkQueue('Root')::WorkerFunc - thread 00427778 stopped.
09:06:56: *-*-* OGRE Shutdown
09:06:56: Unregistering ResourceManager for type Compositor
09:06:56: Unregistering ResourceManager for type Font
09:06:56: Unregistering ResourceManager for type Skeleton
09:06:56: Unregistering ResourceManager for type Mesh
09:06:56: Unregistering ResourceManager for type HighLevelGpuProgram
09:06:56: Uninstalling plugin: D3D9 RenderSystem
09:06:56: D3D9 : Shutting down cleanly.
09:06:56: Unregistering ResourceManager for type Texture
09:06:56: Unregistering ResourceManager for type GpuProgram
09:06:56: D3D9 : Direct3D9 Rendering Subsystem destroyed.
09:06:56: Plugin successfully uninstalled
09:06:56: Unloading library .\RenderSystem_Direct3D9_d
09:06:56: Unregistering ResourceManager for type Material
